{"/Users/delamoriniere/development/wdi-project-2/index.js":{"path":"/Users/delamoriniere/development/wdi-project-2/index.js","s":{"1":1,"2":1,"3":1,"4":1,"5":1,"6":1,"7":1,"8":1,"9":1,"10":1,"11":1,"12":1,"13":1,"14":1,"15":1,"16":1,"17":1,"18":0,"19":0,"20":0,"21":1,"22":1,"23":1,"24":1,"25":1},"b":{"1":[0,0]},"f":{"1":0},"fnMap":{"1":{"name":"jwtErrorHandler","line":29,"loc":{"start":{"line":29,"column":0},"end":{"line":29,"column":45}}}},"statementMap":{"1":{"start":{"line":1,"column":0},"end":{"line":1,"column":38}},"2":{"start":{"line":2,"column":0},"end":{"line":2,"column":37}},"3":{"start":{"line":3,"column":0},"end":{"line":3,"column":42}},"4":{"start":{"line":4,"column":0},"end":{"line":4,"column":39}},"5":{"start":{"line":5,"column":0},"end":{"line":5,"column":42}},"6":{"start":{"line":7,"column":0},"end":{"line":7,"column":29}},"7":{"start":{"line":9,"column":0},"end":{"line":9,"column":46}},"8":{"start":{"line":10,"column":0},"end":{"line":10,"column":49}},"9":{"start":{"line":11,"column":0},"end":{"line":11,"column":49}},"10":{"start":{"line":13,"column":0},"end":{"line":13,"column":39}},"11":{"start":{"line":15,"column":0},"end":{"line":15,"column":23}},"12":{"start":{"line":16,"column":0},"end":{"line":16,"column":47}},"13":{"start":{"line":17,"column":0},"end":{"line":17,"column":27}},"14":{"start":{"line":18,"column":0},"end":{"line":18,"column":50}},"15":{"start":{"line":20,"column":0},"end":{"line":26,"column":6}},"16":{"start":{"line":27,"column":0},"end":{"line":27,"column":25}},"17":{"start":{"line":29,"column":0},"end":{"line":32,"column":1}},"18":{"start":{"line":30,"column":2},"end":{"line":30,"column":54}},"19":{"start":{"line":30,"column":40},"end":{"line":30,"column":54}},"20":{"start":{"line":31,"column":2},"end":{"line":31,"column":68}},"21":{"start":{"line":34,"column":0},"end":{"line":34,"column":24}},"22":{"start":{"line":35,"column":0},"end":{"line":35,"column":27}},"23":{"start":{"line":37,"column":0},"end":{"line":37,"column":86}},"24":{"start":{"line":37,"column":30},"end":{"line":37,"column":84}},"25":{"start":{"line":39,"column":0},"end":{"line":39,"column":24}}},"branchMap":{"1":{"line":30,"type":"if","locations":[{"start":{"line":30,"column":2},"end":{"line":30,"column":2}},{"start":{"line":30,"column":2},"end":{"line":30,"column":2}}]}}},"/Users/delamoriniere/development/wdi-project-2/config/config.js":{"path":"/Users/delamoriniere/development/wdi-project-2/config/config.js","s":{"1":1},"b":{"1":[1,1],"2":[1,1],"3":[1,1],"4":[1,0],"5":[1,0]},"f":{},"fnMap":{},"statementMap":{"1":{"start":{"line":1,"column":0},"end":{"line":11,"column":2}}},"branchMap":{"1":{"line":2,"type":"binary-expr","locations":[{"start":{"line":2,"column":8},"end":{"line":2,"column":24}},{"start":{"line":2,"column":28},"end":{"line":2,"column":32}}]},"2":{"line":6,"type":"binary-expr","locations":[{"start":{"line":6,"column":16},"end":{"line":6,"column":39}},{"start":{"line":6,"column":43},"end":{"line":6,"column":75}}]},"3":{"line":8,"type":"binary-expr","locations":[{"start":{"line":8,"column":10},"end":{"line":8,"column":28}},{"start":{"line":8,"column":32},"end":{"line":8,"column":48}}]},"4":{"line":9,"type":"binary-expr","locations":[{"start":{"line":9,"column":9},"end":{"line":9,"column":36}},{"start":{"line":9,"column":40},"end":{"line":9,"column":49}}]},"5":{"line":10,"type":"binary-expr","locations":[{"start":{"line":10,"column":9},"end":{"line":10,"column":35}},{"start":{"line":10,"column":39},"end":{"line":10,"column":48}}]}}},"/Users/delamoriniere/development/wdi-project-2/config/apiRoutes.js":{"path":"/Users/delamoriniere/development/wdi-project-2/config/apiRoutes.js","s":{"1":1,"2":1,"3":1,"4":1,"5":1,"6":1,"7":1,"8":1,"9":1,"10":1,"11":1},"b":{},"f":{},"fnMap":{},"statementMap":{"1":{"start":{"line":1,"column":0},"end":{"line":1,"column":45}},"2":{"start":{"line":3,"column":0},"end":{"line":3,"column":66}},"3":{"start":{"line":4,"column":0},"end":{"line":4,"column":55}},"4":{"start":{"line":5,"column":0},"end":{"line":5,"column":62}},"5":{"start":{"line":7,"column":0},"end":{"line":8,"column":34}},"6":{"start":{"line":9,"column":0},"end":{"line":10,"column":31}},"7":{"start":{"line":12,"column":0},"end":{"line":13,"column":20}},"8":{"start":{"line":14,"column":0},"end":{"line":15,"column":18}},"9":{"start":{"line":17,"column":0},"end":{"line":18,"column":27}},"10":{"start":{"line":19,"column":0},"end":{"line":20,"column":25}},"11":{"start":{"line":22,"column":0},"end":{"line":22,"column":24}}},"branchMap":{}},"/Users/delamoriniere/development/wdi-project-2/controllers/authentications.js":{"path":"/Users/delamoriniere/development/wdi-project-2/controllers/authentications.js","s":{"1":1,"2":1,"3":1,"4":1,"5":1,"6":2,"7":2,"8":2,"9":1,"10":1,"11":1,"12":1,"13":8,"14":8,"15":0,"16":8,"17":1,"18":7,"19":7},"b":{"1":[1,1],"2":[0,8],"3":[1,7],"4":[8,8]},"f":{"1":2,"2":8},"fnMap":{"1":{"name":"authenticationsRegister","line":10,"loc":{"start":{"line":10,"column":0},"end":{"line":10,"column":42}}},"2":{"name":"authenticationsLogin","line":25,"loc":{"start":{"line":25,"column":0},"end":{"line":25,"column":39}}}},"statementMap":{"1":{"start":{"line":1,"column":0},"end":{"line":4,"column":2}},"2":{"start":{"line":6,"column":0},"end":{"line":6,"column":41}},"3":{"start":{"line":7,"column":0},"end":{"line":7,"column":39}},"4":{"start":{"line":8,"column":0},"end":{"line":8,"column":43}},"5":{"start":{"line":10,"column":0},"end":{"line":23,"column":1}},"6":{"start":{"line":11,"column":2},"end":{"line":22,"column":5}},"7":{"start":{"line":12,"column":4},"end":{"line":12,"column":21}},"8":{"start":{"line":13,"column":4},"end":{"line":13,"column":79}},"9":{"start":{"line":13,"column":13},"end":{"line":13,"column":79}},"10":{"start":{"line":15,"column":4},"end":{"line":15,"column":75}},"11":{"start":{"line":17,"column":4},"end":{"line":21,"column":7}},"12":{"start":{"line":25,"column":0},"end":{"line":40,"column":1}},"13":{"start":{"line":26,"column":2},"end":{"line":39,"column":5}},"14":{"start":{"line":27,"column":4},"end":{"line":27,"column":79}},"15":{"start":{"line":27,"column":13},"end":{"line":27,"column":79}},"16":{"start":{"line":28,"column":4},"end":{"line":30,"column":5}},"17":{"start":{"line":29,"column":6},"end":{"line":29,"column":64}},"18":{"start":{"line":32,"column":4},"end":{"line":32,"column":75}},"19":{"start":{"line":34,"column":4},"end":{"line":38,"column":7}}},"branchMap":{"1":{"line":13,"type":"if","locations":[{"start":{"line":13,"column":4},"end":{"line":13,"column":4}},{"start":{"line":13,"column":4},"end":{"line":13,"column":4}}]},"2":{"line":27,"type":"if","locations":[{"start":{"line":27,"column":4},"end":{"line":27,"column":4}},{"start":{"line":27,"column":4},"end":{"line":27,"column":4}}]},"3":{"line":28,"type":"if","locations":[{"start":{"line":28,"column":4},"end":{"line":28,"column":4}},{"start":{"line":28,"column":4},"end":{"line":28,"column":4}}]},"4":{"line":28,"type":"binary-expr","locations":[{"start":{"line":28,"column":8},"end":{"line":28,"column":13}},{"start":{"line":28,"column":17},"end":{"line":28,"column":58}}]}}},"/Users/delamoriniere/development/wdi-project-2/models/user.js":{"path":"/Users/delamoriniere/development/wdi-project-2/models/user.js","s":{"1":1,"2":1,"3":1,"4":1,"5":1,"6":1,"7":1,"8":1,"9":1,"10":1,"11":8,"12":8,"13":8,"14":8,"15":1,"16":1,"17":9,"18":9,"19":1,"20":9,"21":1,"22":9,"23":9,"24":0,"25":9,"26":0,"27":9,"28":0,"29":1,"30":9,"31":0,"32":1,"33":8},"b":{"1":[9,0],"2":[0,9],"3":[0,9],"4":[0,9],"5":[0,9]},"f":{"1":8,"2":9,"3":9,"4":9,"5":9,"6":8},"fnMap":{"1":{"name":"(anonymous_1)","line":30,"loc":{"start":{"line":30,"column":13},"end":{"line":30,"column":32}}},"2":{"name":"setPassword","line":40,"loc":{"start":{"line":40,"column":0},"end":{"line":40,"column":27}}},"3":{"name":"setPasswordConfirmation","line":45,"loc":{"start":{"line":45,"column":0},"end":{"line":45,"column":39}}},"4":{"name":"validatePasswordHash","line":49,"loc":{"start":{"line":49,"column":0},"end":{"line":49,"column":31}}},"5":{"name":"validateEmail","line":65,"loc":{"start":{"line":65,"column":0},"end":{"line":65,"column":29}}},"6":{"name":"validatePassword","line":71,"loc":{"start":{"line":71,"column":0},"end":{"line":71,"column":32}}}},"statementMap":{"1":{"start":{"line":1,"column":0},"end":{"line":1,"column":38}},"2":{"start":{"line":2,"column":0},"end":{"line":2,"column":36}},"3":{"start":{"line":3,"column":0},"end":{"line":3,"column":39}},"4":{"start":{"line":5,"column":0},"end":{"line":9,"column":3}},"5":{"start":{"line":11,"column":0},"end":{"line":13,"column":20}},"6":{"start":{"line":15,"column":0},"end":{"line":17,"column":32}},"7":{"start":{"line":19,"column":0},"end":{"line":21,"column":34}},"8":{"start":{"line":23,"column":0},"end":{"line":25,"column":27}},"9":{"start":{"line":27,"column":2},"end":{"line":27,"column":57}},"10":{"start":{"line":29,"column":2},"end":{"line":36,"column":3}},"11":{"start":{"line":31,"column":4},"end":{"line":31,"column":28}},"12":{"start":{"line":32,"column":4},"end":{"line":32,"column":21}},"13":{"start":{"line":33,"column":4},"end":{"line":33,"column":19}},"14":{"start":{"line":34,"column":4},"end":{"line":34,"column":15}},"15":{"start":{"line":38,"column":0},"end":{"line":38,"column":52}},"16":{"start":{"line":40,"column":0},"end":{"line":43,"column":1}},"17":{"start":{"line":41,"column":2},"end":{"line":41,"column":28}},"18":{"start":{"line":42,"column":2},"end":{"line":42,"column":68}},"19":{"start":{"line":45,"column":0},"end":{"line":47,"column":1}},"20":{"start":{"line":46,"column":2},"end":{"line":46,"column":37}},"21":{"start":{"line":49,"column":0},"end":{"line":63,"column":1}},"22":{"start":{"line":50,"column":2},"end":{"line":62,"column":3}},"23":{"start":{"line":51,"column":4},"end":{"line":53,"column":5}},"24":{"start":{"line":52,"column":6},"end":{"line":52,"column":68}},"25":{"start":{"line":55,"column":4},"end":{"line":57,"column":5}},"26":{"start":{"line":56,"column":6},"end":{"line":56,"column":68}},"27":{"start":{"line":59,"column":4},"end":{"line":61,"column":5}},"28":{"start":{"line":60,"column":6},"end":{"line":60,"column":80}},"29":{"start":{"line":65,"column":0},"end":{"line":69,"column":1}},"30":{"start":{"line":66,"column":2},"end":{"line":68,"column":5}},"31":{"start":{"line":67,"column":6},"end":{"line":67,"column":71}},"32":{"start":{"line":71,"column":0},"end":{"line":73,"column":1}},"33":{"start":{"line":72,"column":2},"end":{"line":72,"column":54}}},"branchMap":{"1":{"line":50,"type":"if","locations":[{"start":{"line":50,"column":2},"end":{"line":50,"column":2}},{"start":{"line":50,"column":2},"end":{"line":50,"column":2}}]},"2":{"line":51,"type":"if","locations":[{"start":{"line":51,"column":4},"end":{"line":51,"column":4}},{"start":{"line":51,"column":4},"end":{"line":51,"column":4}}]},"3":{"line":55,"type":"if","locations":[{"start":{"line":55,"column":4},"end":{"line":55,"column":4}},{"start":{"line":55,"column":4},"end":{"line":55,"column":4}}]},"4":{"line":59,"type":"if","locations":[{"start":{"line":59,"column":4},"end":{"line":59,"column":4}},{"start":{"line":59,"column":4},"end":{"line":59,"column":4}}]},"5":{"line":66,"type":"if","locations":[{"start":{"line":66,"column":2},"end":{"line":66,"column":2}},{"start":{"line":66,"column":2},"end":{"line":66,"column":2}}]}}},"/Users/delamoriniere/development/wdi-project-2/controllers/bars.js":{"path":"/Users/delamoriniere/development/wdi-project-2/controllers/bars.js","s":{"1":1,"2":1,"3":1,"4":3,"5":3,"6":3,"7":3,"8":3,"9":3,"10":0,"11":3,"12":1,"13":0,"14":0,"15":0,"16":0,"17":0,"18":0},"b":{"1":[3,0],"2":[0,3],"3":[0,0],"4":[0,0]},"f":{"1":3,"2":0},"fnMap":{"1":{"name":"barsRandom","line":8,"loc":{"start":{"line":8,"column":0},"end":{"line":8,"column":29}}},"2":{"name":"barsShow","line":21,"loc":{"start":{"line":21,"column":0},"end":{"line":21,"column":27}}}},"statementMap":{"1":{"start":{"line":1,"column":0},"end":{"line":4,"column":2}},"2":{"start":{"line":6,"column":0},"end":{"line":6,"column":37}},"3":{"start":{"line":8,"column":0},"end":{"line":19,"column":1}},"4":{"start":{"line":9,"column":2},"end":{"line":9,"column":16}},"5":{"start":{"line":10,"column":2},"end":{"line":12,"column":3}},"6":{"start":{"line":11,"column":4},"end":{"line":11,"column":48}},"7":{"start":{"line":13,"column":2},"end":{"line":18,"column":5}},"8":{"start":{"line":15,"column":4},"end":{"line":15,"column":58}},"9":{"start":{"line":16,"column":4},"end":{"line":16,"column":79}},"10":{"start":{"line":16,"column":13},"end":{"line":16,"column":79}},"11":{"start":{"line":17,"column":4},"end":{"line":17,"column":41}},"12":{"start":{"line":21,"column":0},"end":{"line":27,"column":1}},"13":{"start":{"line":22,"column":2},"end":{"line":26,"column":5}},"14":{"start":{"line":23,"column":4},"end":{"line":23,"column":79}},"15":{"start":{"line":23,"column":13},"end":{"line":23,"column":79}},"16":{"start":{"line":24,"column":4},"end":{"line":24,"column":90}},"17":{"start":{"line":24,"column":21},"end":{"line":24,"column":90}},"18":{"start":{"line":25,"column":4},"end":{"line":25,"column":41}}},"branchMap":{"1":{"line":10,"type":"if","locations":[{"start":{"line":10,"column":2},"end":{"line":10,"column":2}},{"start":{"line":10,"column":2},"end":{"line":10,"column":2}}]},"2":{"line":16,"type":"if","locations":[{"start":{"line":16,"column":4},"end":{"line":16,"column":4}},{"start":{"line":16,"column":4},"end":{"line":16,"column":4}}]},"3":{"line":23,"type":"if","locations":[{"start":{"line":23,"column":4},"end":{"line":23,"column":4}},{"start":{"line":23,"column":4},"end":{"line":23,"column":4}}]},"4":{"line":24,"type":"if","locations":[{"start":{"line":24,"column":4},"end":{"line":24,"column":4}},{"start":{"line":24,"column":4},"end":{"line":24,"column":4}}]}}},"/Users/delamoriniere/development/wdi-project-2/models/bar.js":{"path":"/Users/delamoriniere/development/wdi-project-2/models/bar.js","s":{"1":1,"2":1,"3":1},"b":{},"f":{},"fnMap":{},"statementMap":{"1":{"start":{"line":1,"column":0},"end":{"line":1,"column":37}},"2":{"start":{"line":3,"column":0},"end":{"line":18,"column":3}},"3":{"start":{"line":20,"column":0},"end":{"line":20,"column":50}}},"branchMap":{}},"/Users/delamoriniere/development/wdi-project-2/controllers/restaurants.js":{"path":"/Users/delamoriniere/development/wdi-project-2/controllers/restaurants.js","s":{"1":1,"2":1,"3":1,"4":3,"5":3,"6":3,"7":3,"8":3,"9":3,"10":0,"11":3,"12":1,"13":0,"14":0,"15":0,"16":0,"17":0,"18":0},"b":{"1":[3,0],"2":[0,3],"3":[0,0],"4":[0,0]},"f":{"1":3,"2":0},"fnMap":{"1":{"name":"restaurantsRandom","line":7,"loc":{"start":{"line":7,"column":0},"end":{"line":7,"column":36}}},"2":{"name":"restaurantsShow","line":20,"loc":{"start":{"line":20,"column":0},"end":{"line":20,"column":34}}}},"statementMap":{"1":{"start":{"line":1,"column":0},"end":{"line":4,"column":2}},"2":{"start":{"line":5,"column":0},"end":{"line":5,"column":51}},"3":{"start":{"line":7,"column":0},"end":{"line":18,"column":1}},"4":{"start":{"line":8,"column":2},"end":{"line":8,"column":16}},"5":{"start":{"line":9,"column":2},"end":{"line":11,"column":3}},"6":{"start":{"line":10,"column":4},"end":{"line":10,"column":48}},"7":{"start":{"line":12,"column":2},"end":{"line":17,"column":5}},"8":{"start":{"line":14,"column":4},"end":{"line":14,"column":79}},"9":{"start":{"line":15,"column":4},"end":{"line":15,"column":79}},"10":{"start":{"line":15,"column":13},"end":{"line":15,"column":79}},"11":{"start":{"line":16,"column":4},"end":{"line":16,"column":48}},"12":{"start":{"line":20,"column":0},"end":{"line":26,"column":1}},"13":{"start":{"line":21,"column":2},"end":{"line":25,"column":5}},"14":{"start":{"line":22,"column":4},"end":{"line":22,"column":79}},"15":{"start":{"line":22,"column":13},"end":{"line":22,"column":79}},"16":{"start":{"line":23,"column":4},"end":{"line":23,"column":90}},"17":{"start":{"line":23,"column":21},"end":{"line":23,"column":90}},"18":{"start":{"line":24,"column":4},"end":{"line":24,"column":48}}},"branchMap":{"1":{"line":9,"type":"if","locations":[{"start":{"line":9,"column":2},"end":{"line":9,"column":2}},{"start":{"line":9,"column":2},"end":{"line":9,"column":2}}]},"2":{"line":15,"type":"if","locations":[{"start":{"line":15,"column":4},"end":{"line":15,"column":4}},{"start":{"line":15,"column":4},"end":{"line":15,"column":4}}]},"3":{"line":22,"type":"if","locations":[{"start":{"line":22,"column":4},"end":{"line":22,"column":4}},{"start":{"line":22,"column":4},"end":{"line":22,"column":4}}]},"4":{"line":23,"type":"if","locations":[{"start":{"line":23,"column":4},"end":{"line":23,"column":4}},{"start":{"line":23,"column":4},"end":{"line":23,"column":4}}]}}},"/Users/delamoriniere/development/wdi-project-2/models/restaurant.js":{"path":"/Users/delamoriniere/development/wdi-project-2/models/restaurant.js","s":{"1":1,"2":1,"3":1},"b":{},"f":{},"fnMap":{},"statementMap":{"1":{"start":{"line":1,"column":0},"end":{"line":1,"column":37}},"2":{"start":{"line":3,"column":0},"end":{"line":23,"column":3}},"3":{"start":{"line":25,"column":0},"end":{"line":25,"column":64}}},"branchMap":{}},"/Users/delamoriniere/development/wdi-project-2/config/webRoutes.js":{"path":"/Users/delamoriniere/development/wdi-project-2/config/webRoutes.js","s":{"1":1,"2":1,"3":1,"4":1},"b":{},"f":{},"fnMap":{},"statementMap":{"1":{"start":{"line":1,"column":0},"end":{"line":1,"column":48}},"2":{"start":{"line":3,"column":0},"end":{"line":3,"column":54}},"3":{"start":{"line":5,"column":0},"end":{"line":6,"column":21}},"4":{"start":{"line":8,"column":0},"end":{"line":8,"column":24}}},"branchMap":{}},"/Users/delamoriniere/development/wdi-project-2/controllers/statics.js":{"path":"/Users/delamoriniere/development/wdi-project-2/controllers/statics.js","s":{"1":1,"2":1,"3":1,"4":0,"5":0},"b":{},"f":{"1":0},"fnMap":{"1":{"name":"staticsHome","line":7,"loc":{"start":{"line":7,"column":0},"end":{"line":7,"column":30}}}},"statementMap":{"1":{"start":{"line":1,"column":0},"end":{"line":3,"column":2}},"2":{"start":{"line":5,"column":0},"end":{"line":5,"column":29}},"3":{"start":{"line":7,"column":0},"end":{"line":10,"column":1}},"4":{"start":{"line":8,"column":2},"end":{"line":8,"column":21}},"5":{"start":{"line":9,"column":2},"end":{"line":9,"column":61}}},"branchMap":{}}}