TN:
SF:/Users/delamoriniere/development/wdi-project-2/index.js
FN:29,jwtErrorHandler
FNF:1
FNH:0
FNDA:0,jwtErrorHandler
DA:1,1
DA:2,1
DA:3,1
DA:4,1
DA:5,1
DA:7,1
DA:9,1
DA:10,1
DA:11,1
DA:13,1
DA:15,1
DA:16,1
DA:17,1
DA:18,1
DA:20,1
DA:27,1
DA:29,1
DA:30,0
DA:31,0
DA:34,1
DA:35,1
DA:37,1
DA:39,1
LF:23
LH:21
BRDA:30,1,0,0
BRDA:30,1,1,0
BRF:2
BRH:0
end_of_record
TN:
SF:/Users/delamoriniere/development/wdi-project-2/config/config.js
FNF:0
FNH:0
DA:1,1
LF:1
LH:1
BRDA:2,1,0,1
BRDA:2,1,1,1
BRDA:6,2,0,1
BRDA:6,2,1,1
BRDA:8,3,0,1
BRDA:8,3,1,1
BRDA:9,4,0,1
BRDA:9,4,1,0
BRDA:10,5,0,1
BRDA:10,5,1,0
BRF:10
BRH:8
end_of_record
TN:
SF:/Users/delamoriniere/development/wdi-project-2/config/apiRoutes.js
FNF:0
FNH:0
DA:1,1
DA:3,1
DA:4,1
DA:5,1
DA:7,1
DA:9,1
DA:12,1
DA:14,1
DA:17,1
DA:19,1
DA:22,1
LF:11
LH:11
BRF:0
BRH:0
end_of_record
TN:
SF:/Users/delamoriniere/development/wdi-project-2/controllers/authentications.js
FN:10,authenticationsRegister
FN:25,authenticationsLogin
FNF:2
FNH:2
FNDA:2,authenticationsRegister
FNDA:8,authenticationsLogin
DA:1,1
DA:6,1
DA:7,1
DA:8,1
DA:10,1
DA:11,2
DA:12,2
DA:13,2
DA:15,1
DA:17,1
DA:25,1
DA:26,8
DA:27,8
DA:28,8
DA:29,1
DA:32,7
DA:34,7
LF:17
LH:17
BRDA:13,1,0,1
BRDA:13,1,1,1
BRDA:27,2,0,0
BRDA:27,2,1,8
BRDA:28,3,0,1
BRDA:28,3,1,7
BRDA:28,4,0,8
BRDA:28,4,1,8
BRF:8
BRH:7
end_of_record
TN:
SF:/Users/delamoriniere/development/wdi-project-2/models/user.js
FN:30,(anonymous_1)
FN:40,setPassword
FN:45,setPasswordConfirmation
FN:49,validatePasswordHash
FN:65,validateEmail
FN:71,validatePassword
FNF:6
FNH:6
FNDA:8,(anonymous_1)
FNDA:9,setPassword
FNDA:9,setPasswordConfirmation
FNDA:9,validatePasswordHash
FNDA:9,validateEmail
FNDA:8,validatePassword
DA:1,1
DA:2,1
DA:3,1
DA:5,1
DA:11,1
DA:15,1
DA:19,1
DA:23,1
DA:27,1
DA:29,1
DA:31,8
DA:32,8
DA:33,8
DA:34,8
DA:38,1
DA:40,1
DA:41,9
DA:42,9
DA:45,1
DA:46,9
DA:49,1
DA:50,9
DA:51,9
DA:52,0
DA:55,9
DA:56,0
DA:59,9
DA:60,0
DA:65,1
DA:66,9
DA:67,0
DA:71,1
DA:72,8
LF:33
LH:29
BRDA:50,1,0,9
BRDA:50,1,1,0
BRDA:51,2,0,0
BRDA:51,2,1,9
BRDA:55,3,0,0
BRDA:55,3,1,9
BRDA:59,4,0,0
BRDA:59,4,1,9
BRDA:66,5,0,0
BRDA:66,5,1,9
BRF:10
BRH:5
end_of_record
TN:
SF:/Users/delamoriniere/development/wdi-project-2/controllers/bars.js
FN:8,barsRandom
FN:21,barsShow
FNF:2
FNH:1
FNDA:3,barsRandom
FNDA:0,barsShow
DA:1,1
DA:6,1
DA:8,1
DA:9,3
DA:10,3
DA:11,3
DA:13,3
DA:15,3
DA:16,3
DA:17,3
DA:21,1
DA:22,0
DA:23,0
DA:24,0
DA:25,0
LF:15
LH:11
BRDA:10,1,0,3
BRDA:10,1,1,0
BRDA:16,2,0,0
BRDA:16,2,1,3
BRDA:23,3,0,0
BRDA:23,3,1,0
BRDA:24,4,0,0
BRDA:24,4,1,0
BRF:8
BRH:2
end_of_record
TN:
SF:/Users/delamoriniere/development/wdi-project-2/models/bar.js
FNF:0
FNH:0
DA:1,1
DA:3,1
DA:20,1
LF:3
LH:3
BRF:0
BRH:0
end_of_record
TN:
SF:/Users/delamoriniere/development/wdi-project-2/controllers/restaurants.js
FN:7,restaurantsRandom
FN:20,restaurantsShow
FNF:2
FNH:1
FNDA:3,restaurantsRandom
FNDA:0,restaurantsShow
DA:1,1
DA:5,1
DA:7,1
DA:8,3
DA:9,3
DA:10,3
DA:12,3
DA:14,3
DA:15,3
DA:16,3
DA:20,1
DA:21,0
DA:22,0
DA:23,0
DA:24,0
LF:15
LH:11
BRDA:9,1,0,3
BRDA:9,1,1,0
BRDA:15,2,0,0
BRDA:15,2,1,3
BRDA:22,3,0,0
BRDA:22,3,1,0
BRDA:23,4,0,0
BRDA:23,4,1,0
BRF:8
BRH:2
end_of_record
TN:
SF:/Users/delamoriniere/development/wdi-project-2/models/restaurant.js
FNF:0
FNH:0
DA:1,1
DA:3,1
DA:25,1
LF:3
LH:3
BRF:0
BRH:0
end_of_record
TN:
SF:/Users/delamoriniere/development/wdi-project-2/config/webRoutes.js
FNF:0
FNH:0
DA:1,1
DA:3,1
DA:5,1
DA:8,1
LF:4
LH:4
BRF:0
BRH:0
end_of_record
TN:
SF:/Users/delamoriniere/development/wdi-project-2/controllers/statics.js
FN:7,staticsHome
FNF:1
FNH:0
FNDA:0,staticsHome
DA:1,1
DA:5,1
DA:7,1
DA:8,0
DA:9,0
LF:5
LH:3
BRF:0
BRH:0
end_of_record
